<?xml version="1.0" encoding="UTF-8"?>
<!-- Generated by org.testng.reporters.JUnitReportReporter -->
<testsuite hostname="LAPTOP-QP1MVVAC" name="com.excelsheet.TestWithExcelsheet" tests="2" failures="0" timestamp="16 Oct 2019 12:39:16 GMT" time="0.143" errors="0">
  <testcase name="actual_Sheet" time="0.107" classname="com.excelsheet.TestWithExcelsheet"/>
  <testcase name="expect_Sheet" time="0.036" classname="com.excelsheet.TestWithExcelsheet"/>
</testsuite> <!-- com.excelsheet.TestWithExcelsheet -->
